<?xml version="1.0" encoding="UTF-8"?>
<!-- Generated by org.testng.reporters.JUnitXMLReporter -->
<testsuite ignored="1" hostname="Poppy" failures="0" tests="5" name="PersonalFun Test" time="0.029" errors="0" timestamp="2022-10-22T00:19:07 IST">
  <testcase classname="TestPackege.Day3" name="m3" time="0.005"/>
  <testcase classname="TestPackege.Day3" name="mr" time="0.001"/>
  <testcase classname="TestPackege.Day3" name="thoiswillr" time="0.001"/>
  <testcase classname="TestPackege.Day3" name="thoiswillrunn" time="0.001"/>
  <testcase classname="TestPackege.Day3" name="dt" time="0.001"/>
  <testcase classname="TestPackege.Day3" name="mree" time="0.0">
    <ignored/>
  </testcase> <!-- mree -->
</testsuite> <!-- PersonalFun Test -->
