<?xml version="1.0" encoding="UTF-8"?>
<!-- Generated by org.testng.reporters.JUnitXMLReporter -->
<testsuite ignored="1" hostname="Poppy" failures="0" tests="6" name="Personal Test" time="0.062" errors="0" timestamp="2022-10-22T00:19:07 IST">
  <testcase classname="TestPackege.Day2" name="memmo" time="0.005"/>
  <testcase classname="TestPackege.Day2" name="mobileLoginCarLoad" time="0.001"/>
  <testcase classname="TestPackege.Day2" name="thoiswillrunn" time="0.003"/>
  <testcase classname="TestPackege.TestDemo" name="Dead" time="0.002"/>
  <testcase classname="TestPackege.TestDemo" name="Dead2" time="0.003"/>
  <testcase classname="TestPackege.TestDemo" name="thoiswillrunn" time="0.002"/>
  <testcase classname="TestPackege.Day2" name="mobileLoginPersonalLoad" time="0.0">
    <ignored/>
  </testcase> <!-- mobileLoginPersonalLoad -->
</testsuite> <!-- Personal Test -->
