<?xml version="1.0" encoding="UTF-8"?>
<!-- Generated by org.testng.reporters.JUnitXMLReporter -->
<testsuite ignored="0" hostname="Poppy" failures="0" tests="3" name="Default test" time="0.042" errors="0" timestamp="2022-10-21T23:41:52 IST">
  <testcase classname="TestPackege.NaiClass" name="allData" time="0.005"/>
  <testcase classname="TestPackege.NaiClass" name="allData" time="0.002"/>
  <testcase classname="TestPackege.NaiClass" name="allData" time="0.001"/>
</testsuite> <!-- Default test -->
